2024-07-28 07:41:29,114 INFO c.c.t.c.CountdownLatchThread [Thread-1] Thread-1Start
2024-07-28 07:41:29,114 INFO c.c.t.c.CountdownLatchThread [Thread-0] Thread-0Start
2024-07-28 07:41:29,114 INFO c.c.t.c.CountdownLatchThread [Thread-2] Thread-2Start
2024-07-28 07:41:59,138 INFO c.c.t.c.CountdownLatchThread [Thread-2] Thread-2End
2024-07-28 07:41:59,138 INFO c.c.t.c.CountdownLatchThread [Thread-1] Thread-1End
2024-07-28 07:41:59,138 INFO c.c.t.c.CountdownLatchThread [Thread-0] Thread-0End
2024-07-28 07:43:48,534 INFO c.c.t.c.CountdownLatchThread [Thread-2] Thread-2Start
2024-07-28 07:43:48,534 INFO c.c.t.c.CountdownLatchThread [Thread-0] Thread-0Start
2024-07-28 07:43:48,534 INFO c.c.t.c.CountdownLatchThread [Thread-1] Thread-1Start
2024-07-28 07:43:48,534 INFO c.c.t.c.CountdownLatchThread [Thread-3] Thread-3Start
2024-07-28 07:44:18,552 INFO c.c.t.c.CountdownLatchThread [Thread-2] Thread-2End
2024-07-28 07:44:18,552 INFO c.c.t.c.CountdownLatchThread [Thread-0] Thread-0End
2024-07-28 07:44:18,552 INFO c.c.t.c.CountdownLatchThread [Thread-1] Thread-1End
2024-07-28 07:45:03,412 INFO c.c.t.c.CountdownLatchThread [Thread-1] Thread-1Start
2024-07-28 07:45:03,412 INFO c.c.t.c.CountdownLatchThread [Thread-0] Thread-0Start
2024-07-28 07:45:03,412 INFO c.c.t.c.CountdownLatchThread [Thread-2] Thread-2Start
2024-07-28 07:45:03,412 INFO c.c.t.c.CountdownLatchThread [Thread-3] Thread-3Start
2024-07-28 07:45:33,424 INFO c.c.t.c.CountdownLatchThread [Thread-1] Thread-1End
2024-07-28 07:45:33,424 INFO c.c.t.c.CountdownLatchThread [Thread-0] Thread-0End
2024-07-28 07:45:33,424 INFO c.c.t.c.CountdownLatchThread [Thread-2] Thread-2End
2024-07-28 07:47:53,049 INFO c.c.t.c.CountdownLatchThread [Thread-2] Thread-2Start
2024-07-28 07:47:53,049 INFO c.c.t.c.CountdownLatchThread [Thread-1] Thread-1Start
2024-07-28 07:47:53,049 INFO c.c.t.c.CountdownLatchThread [Thread-0] Thread-0Start
2024-07-28 07:47:53,049 INFO c.c.t.c.CountdownLatchThread [Thread-3] Thread-3Start
2024-07-28 07:48:23,062 INFO c.c.t.c.CountdownLatchThread [Thread-2] Thread-2End
2024-07-28 07:48:23,062 INFO c.c.t.c.CountdownLatchThread [Thread-0] Thread-0End
2024-07-28 07:48:23,062 INFO c.c.t.c.CountdownLatchThread [Thread-1] Thread-1End
2024-07-28 07:48:53,069 INFO c.c.t.c.CountdownLatchThread [Thread-3] Thread-3End
2024-07-28 07:49:01,553 INFO c.c.t.c.CountdownLatchThread [Thread-2] Thread-2Start
2024-07-28 07:49:01,553 INFO c.c.t.c.CountdownLatchThread [Thread-0] Thread-0Start
2024-07-28 07:49:01,553 INFO c.c.t.c.CountdownLatchThread [Thread-1] Thread-1Start
2024-07-28 07:49:31,575 INFO c.c.t.c.CountdownLatchThread [Thread-2] Thread-2End
2024-07-28 07:49:31,575 INFO c.c.t.c.CountdownLatchThread [Thread-1] Thread-1End
2024-07-28 07:49:31,575 INFO c.c.t.c.CountdownLatchThread [Thread-0] Thread-0End
2024-07-28 07:49:31,576 INFO c.c.t.c.CountdownLatchThread [Thread-3] Thread-3Start
2024-07-28 07:50:01,582 INFO c.c.t.c.CountdownLatchThread [Thread-3] Thread-3End
2024-07-28 08:30:29,930 INFO c.c.t.c.cyclicBarrierThread [Thread-1] Thread-1Start
2024-07-28 08:30:29,930 INFO c.c.t.c.cyclicBarrierThread [Thread-2] Thread-2Start
2024-07-28 08:30:29,930 INFO c.c.t.c.cyclicBarrierThread [Thread-0] Thread-0Start
2024-07-28 08:30:29,930 INFO c.c.t.c.cyclicBarrierThread [Thread-3] Thread-3Start
2024-07-28 08:30:29,930 INFO c.c.t.c.cyclicBarrierThread [Thread-4] Thread-4Start
2024-07-28 08:30:59,952 INFO c.c.t.c.cyclicBarrierThread [Thread-4] Reached cyclic barrier
2024-07-28 08:30:59,953 INFO c.c.t.c.cyclicBarrierThread [Thread-2] Thread-2End
2024-07-28 08:30:59,953 INFO c.c.t.c.cyclicBarrierThread [Thread-0] Thread-0End
2024-07-28 08:30:59,953 INFO c.c.t.c.cyclicBarrierThread [Thread-4] Thread-4End
2024-07-28 08:35:35,852 INFO c.c.t.c.cyclicBarrierThread [Thread-0] Thread-0Start
2024-07-28 08:35:35,852 INFO c.c.t.c.cyclicBarrierThread [Thread-3] Thread-3Start
2024-07-28 08:35:35,852 INFO c.c.t.c.cyclicBarrierThread [Thread-1] Thread-1Start
2024-07-28 08:35:35,852 INFO c.c.t.c.cyclicBarrierThread [Thread-4] Thread-4Start
2024-07-28 08:35:35,852 INFO c.c.t.c.cyclicBarrierThread [Thread-2] Thread-2Start
2024-07-28 08:36:05,877 INFO c.c.t.c.cyclicBarrierThread [Thread-3] Reached cyclic barrier
2024-07-28 08:36:05,878 INFO c.c.t.c.cyclicBarrierThread [Thread-3] Thread-3End
2024-07-28 08:36:05,878 INFO c.c.t.c.cyclicBarrierThread [Thread-1] Thread-1End
2024-07-28 08:36:05,878 INFO c.c.t.c.cyclicBarrierThread [Thread-2] Thread-2End
2024-07-28 08:37:16,742 INFO c.c.t.c.cyclicBarrierThread [Thread-4] Thread-4Start
2024-07-28 08:37:16,742 INFO c.c.t.c.cyclicBarrierThread [Thread-0] Thread-0Start
2024-07-28 08:37:16,742 INFO c.c.t.c.cyclicBarrierThread [Thread-2] Thread-2Start
2024-07-28 08:37:16,742 INFO c.c.t.c.cyclicBarrierThread [Thread-1] Thread-1Start
2024-07-28 08:37:16,742 INFO c.c.t.c.cyclicBarrierThread [Thread-3] Thread-3Start
2024-07-28 08:37:46,762 INFO c.c.t.c.cyclicBarrierThread [Thread-0] Reached cyclic barrier
2024-07-28 08:37:46,764 INFO c.c.t.c.cyclicBarrierThread [Thread-3] Thread-3End
2024-07-28 08:37:46,764 INFO c.c.t.c.cyclicBarrierThread [Thread-1] Thread-1End
2024-07-28 08:37:46,764 INFO c.c.t.c.cyclicBarrierThread [Thread-4] Thread-4End
2024-07-28 08:37:46,764 INFO c.c.t.c.cyclicBarrierThread [Thread-0] Thread-0End
2024-07-28 08:37:46,764 INFO c.c.t.c.cyclicBarrierThread [Thread-2] Thread-2End
2024-07-28 08:38:05,718 INFO c.c.t.c.cyclicBarrierThread [Thread-0] Thread-0Start
2024-07-28 08:38:05,718 INFO c.c.t.c.cyclicBarrierThread [Thread-1] Thread-1Start
2024-07-28 08:38:05,718 INFO c.c.t.c.cyclicBarrierThread [Thread-4] Thread-4Start
2024-07-28 08:38:05,718 INFO c.c.t.c.cyclicBarrierThread [Thread-3] Thread-3Start
2024-07-28 08:38:05,718 INFO c.c.t.c.cyclicBarrierThread [Thread-2] Thread-2Start
